<?xml version="1.0" encoding="utf-8"?><testsuites name="pytest tests"><testsuite name="pytest" errors="0" failures="0" skipped="0" tests="19" time="17.328" timestamp="2026-07-18T08:51:16.061298+00:00" hostname="agent-env-c002cce9-dbc1-4d8b-a166-895bfcd63c75"><testcase classname="tests.backend_test" name="test_login_todas_contas[suporte@atlas.pt-Garciafinancas007]" time="0.428" /><testcase classname="tests.backend_test" name="test_login_todas_contas[pedro@atlas.pt-Garciafinancas0073040]" time="0.352" /><testcase classname="tests.backend_test" name="test_login_todas_contas[luiz@atlas.pt-Garciafinancas0073040]" time="0.348" /><testcase classname="tests.backend_test" name="test_login_todas_contas[victor@atlas.pt-Garciafinancas0073040]" time="0.317" /><testcase classname="tests.backend_test" name="test_login_todas_contas[rafaela@atlas.pt-Garciafinancas0073040]" time="0.370" /><testcase classname="tests.backend_test" name="test_login_todas_contas[ani@atlas.pt-Garciafinancas0073040]" time="0.314" /><testcase classname="tests.backend_test" name="test_login_todas_contas[paulohead@atlas.pt-Paulo7777]" time="0.354" /><testcase classname="tests.backend_test" name="test_login_todas_contas[antonio@atlas.pt-Tecnicoatlas2026@]" time="0.315" /><testcase classname="tests.backend_test" name="test_login_todas_contas[capello@atlas.pt-Tecnicoatlas2026@]" time="0.346" /><testcase classname="tests.backend_test" name="test_login_todas_contas[rafaelasantos@atlas.pt-Tecnicoatlas2026@]" time="0.329" /><testcase classname="tests.backend_test" name="test_login_todas_contas[lunaferreira@atlas.pt-Tecnicoatlas2026@]" time="0.319" /><testcase classname="tests.backend_test" name="test_login_todas_contas[carolpeso@atlas.pt-ratapeso]" time="0.327" /><testcase classname="tests.backend_test" name="test_login_password_errada" time="0.365" /><testcase classname="tests.backend_test" name="test_auth_me" time="0.408" /><testcase classname="tests.backend_test" name="test_auth_me_sem_token" time="0.088" /><testcase classname="tests.backend_test" name="test_alterar_senha_atual_errada" time="0.697" /><testcase classname="tests.backend_test" name="test_alterar_senha_e_reverter" time="2.708" /><testcase classname="tests.backend_test" name="test_isolamento_e_criacao_sessao_via_socket" time="6.300" /><testcase classname="tests.backend_test" name="test_limpar_tudo_apenas_do_operador" time="1.917" /></testsuite></testsuites>