<?xml version="1.0" encoding="utf-8"?><testsuites name="pytest tests"><testsuite name="pytest" errors="0" failures="0" skipped="0" tests="19" time="17.652" timestamp="2026-07-16T10:33:51.713676+00:00" hostname="agent-env-c002cce9-dbc1-4d8b-a166-895bfcd63c75"><testcase classname="tests.backend_test" name="test_login_todas_contas[suporte@atlas.pt-Garciafinancas007]" time="0.449" /><testcase classname="tests.backend_test" name="test_login_todas_contas[pedro@atlas.pt-Garciafinancas0073040]" time="0.340" /><testcase classname="tests.backend_test" name="test_login_todas_contas[luiz@atlas.pt-Garciafinancas0073040]" time="0.337" /><testcase classname="tests.backend_test" name="test_login_todas_contas[victor@atlas.pt-Garciafinancas0073040]" time="0.327" /><testcase classname="tests.backend_test" name="test_login_todas_contas[rafaela@atlas.pt-Garciafinancas0073040]" time="0.346" /><testcase classname="tests.backend_test" name="test_login_todas_contas[ani@atlas.pt-Garciafinancas0073040]" time="0.316" /><testcase classname="tests.backend_test" name="test_login_todas_contas[paulohead@atlas.pt-Paulo7777]" time="0.326" /><testcase classname="tests.backend_test" name="test_login_todas_contas[antonio@atlas.pt-Tecnicoatlas2026@]" time="0.319" /><testcase classname="tests.backend_test" name="test_login_todas_contas[capello@atlas.pt-Tecnicoatlas2026@]" time="0.327" /><testcase classname="tests.backend_test" name="test_login_todas_contas[rafaelasantos@atlas.pt-Tecnicoatlas2026@]" time="0.337" /><testcase classname="tests.backend_test" name="test_login_todas_contas[lunaferreira@atlas.pt-Tecnicoatlas2026@]" time="0.319" /><testcase classname="tests.backend_test" name="test_login_todas_contas[carolpeso@atlas.pt-ratapeso]" time="0.343" /><testcase classname="tests.backend_test" name="test_login_password_errada" time="0.318" /><testcase classname="tests.backend_test" name="test_auth_me" time="0.427" /><testcase classname="tests.backend_test" name="test_auth_me_sem_token" time="0.113" /><testcase classname="tests.backend_test" name="test_alterar_senha_atual_errada" time="0.706" /><testcase classname="tests.backend_test" name="test_alterar_senha_e_reverter" time="2.707" /><testcase classname="tests.backend_test" name="test_isolamento_e_criacao_sessao_via_socket" time="6.504" /><testcase classname="tests.backend_test" name="test_limpar_tudo_apenas_do_operador" time="2.059" /></testsuite></testsuites>